DEBUG:matplotlib:matplotlib data path: /home/happihappibill/.local/lib/python3.8/site-packages/matplotlib/mpl-data
DEBUG:matplotlib:CONFIGDIR=/home/happihappibill/.config/matplotlib
DEBUG:matplotlib:interactive is False
DEBUG:matplotlib:platform is linux
DEBUG:matplotlib:loaded modules: ['sys', 'builtins', '_frozen_importlib', '_imp', '_warnings', '_io', 'marshal', 'posix', '_frozen_importlib_external', '_thread', '_weakref', 'time', 'zipimport', '_codecs', 'codecs', 'encodings.aliases', 'encodings', 'encodings.utf_8', '_signal', '__main__', 'encodings.latin_1', '_abc', 'abc', 'io', '_stat', 'stat', '_collections_abc', 'genericpath', 'posixpath', 'os.path', 'os', '_sitebuiltins', '_locale', '_bootlocale', 'types', 'importlib._bootstrap', 'importlib._bootstrap_external', 'warnings', 'importlib', 'importlib.machinery', 'importlib.abc', '_operator', 'operator', 'keyword', '_heapq', 'heapq', 'itertools', 'reprlib', '_collections', 'collections', '_functools', 'functools', 'contextlib', 'importlib.util', 'google', 'mpl_toolkits', '_distutils_hack', 'site', 'enum', '_sre', 'sre_constants', 'sre_parse', 'sre_compile', 'copyreg', 're', 'token', 'tokenize', 'linecache', 'traceback', '_weakrefset', 'weakref', 'collections.abc', '_string', 'string', 'threading', 'atexit', 'logging', 'numbers', '_decimal', 'decimal', 'math', 'fractions', 'xml', 'xml.dom.domreg', 'xml.dom', 'xml.dom.minicompat', 'copy', 'xml.dom.NodeFilter', 'xml.dom.xmlbuilder', 'xml.dom.minidom', '_datetime', 'datetime', 'isodate.duration', 'isodate.isoerror', 'isodate.tzinfo', 'isodate.isotzinfo', 'isodate.isostrf', 'isodate.isodates', 'isodate.isotime', 'isodate.isodatetime', '__future__', '_struct', 'struct', 'six', 'isodate.isoduration', 'isodate', 'binascii', 'base64', 'typing.io', 'typing.re', 'typing', 'xml.etree', 'xml.etree.ElementPath', 'pyexpat.errors', 'pyexpat.model', 'pyexpat', 'rdflib.compat', 'urllib', 'urllib.parse', 'platform', 'errno', 'signal', '_posixsubprocess', 'select', 'selectors', 'subprocess', 'uuid', 'rdflib.term', '_bisect', 'bisect', '_sha512', '_random', 'random', 'unicodedata', 'fnmatch', 'ntpath', 'pathlib', 'rdflib.namespace._BRICK', 'rdflib.namespace._CSVW', 'rdflib.namespace._DC', 'rdflib.namespace._DCAT', 'rdflib.namespace._DCMITYPE', 'rdflib.namespace._DCTERMS', 'rdflib.namespace._DCAM', 'rdflib.namespace._DOAP', 'rdflib.namespace._FOAF', 'rdflib.namespace._ODRL2', 'rdflib.namespace._ORG', 'rdflib.namespace._OWL', 'rdflib.namespace._PROF', 'rdflib.namespace._PROV', 'rdflib.namespace._QB', 'rdflib.namespace._RDF', 'rdflib.namespace._RDFS', 'rdflib.namespace._SDO', 'rdflib.namespace._SH', 'rdflib.namespace._SKOS', 'rdflib.namespace._SOSA', 'rdflib.namespace._SSN', 'rdflib.namespace._TIME', 'rdflib.namespace._VANN', 'rdflib.namespace._VOID', 'rdflib.namespace._XSD', 'rdflib.namespace', '_compat_pickle', '_pickle', 'pickle', 'rdflib.events', 'rdflib.store', 'email', '_hashlib', '_blake2', '_sha3', 'hashlib', 'http', 'email.errors', 'email.quoprimime', 'email.base64mime', 'quopri', 'email.encoders', 'email.charset', 'email.header', '_socket', 'socket', 'locale', 'calendar', 'email._parseaddr', 'email.utils', 'email._policybase', 'email.feedparser', 'email.parser', 'uu', 'email._encoded_words', 'email.iterators', 'email.message', '_ssl', 'ssl', 'http.client', 'zlib', '_compression', '_bz2', 'bz2', '_lzma', 'lzma', 'pwd', 'grp', 'shutil', 'tempfile', 'urllib.response', 'urllib.error', 'urllib.request', 'xml.sax.handler', 'xml.sax._exceptions', 'xml.sax.xmlreader', 'xml.sax', 'rdflib.parser', 'rdflib.serializer', 'rdflib.query', 'rdflib.exceptions', '_csv', 'csv', 'zipfile', 'configparser', 'importlib.metadata', 'rdflib.plugin', 'rdflib.paths', 'rdflib.resource', 'rdflib.collection', 'rdflib.util', 'rdflib.graph', 'rdflib.container', 'rdflib', 'log', 'handle_predicates', 'compute_similars_pairs_predicates', '_json', 'json.scanner', 'json.decoder', 'json.encoder', 'json', 'xmlrpc', 'xml.parsers', 'xml.parsers.expat.model', 'xml.parsers.expat.errors', 'xml.parsers.expat', 'gzip', 'xmlrpc.client', 'dump', 'xlwt.compat', 'xlwt.UnicodeUtils', 'xlwt.BIFFRecords', 'xlwt.Formatting', 'xlwt.Style', 'xlwt.Workbook', 'xlwt.Bitmap', 'xlwt.Cell', 'xlwt.antlr', 'xlwt.ExcelMagic', 'xlwt.Utils', 'xlwt.ExcelFormulaParser', 'xlwt.ExcelFormulaLexer', 'xlwt.ExcelFormula', 'xlwt.Row', 'xlwt.Column', 'xlwt.Worksheet', 'xlwt', 'numpy._globals', 'numpy.__config__', 'numpy._version', 'numpy._distributor_init', 'numpy.version', 'textwrap', 'numpy.core._multiarray_umath', 'numpy.compat._inspect', 'numpy.compat.py3k', 'numpy.compat', 'numpy.core.overrides', 'numpy.core.multiarray', 'numpy.core.umath', 'numpy.core._string_helpers', 'numpy.core._dtype', 'numpy.core._type_aliases', 'numpy.core.numerictypes', 'numpy.core._exceptions', 'numpy.core._methods', 'numpy.core.fromnumeric', 'numpy.core.shape_base', 'numpy.core._ufunc_config', 'numpy.core.arrayprint', 'numpy.core._asarray', 'numpy.core.numeric', 'numpy.core.defchararray', 'numpy.core.records', 'numpy.core.memmap', 'numpy.core.function_base', 'numpy.core.machar', 'numpy.core.getlimits', 'numpy.core.einsumfunc', 'numpy.core._multiarray_tests', 'numpy.core._add_newdocs', 'numpy.core._add_newdocs_scalars', 'numpy.core._dtype_ctypes', '_ast', 'ast', '_ctypes', 'ctypes._endian', 'ctypes', 'numpy.core._internal', 'numpy._pytesttester', 'numpy.core', 'numpy.lib.mixins', 'numpy.lib.ufunclike', 'numpy.lib.type_check', 'numpy.lib.scimath', 'numpy.lib.stride_tricks', 'numpy.lib.twodim_base', 'numpy.linalg.lapack_lite', 'numpy.linalg._umath_linalg', 'numpy.linalg.linalg', 'numpy.linalg', 'numpy.matrixlib.defmatrix', 'numpy.matrixlib', 'numpy.lib.histograms', 'numpy.lib.function_base', 'numpy.lib.index_tricks', 'numpy.lib.nanfunctions', 'numpy.lib.shape_base', 'numpy.lib.polynomial', 'numpy.lib.utils', 'numpy.lib.arraysetops', 'numpy.lib.format', 'numpy.lib._datasource', 'numpy.lib._iotools', 'numpy.lib.npyio', 'numpy.lib.arrayterator', 'numpy.lib.arraypad', 'numpy.lib._version', 'numpy.lib', 'numpy.fft._pocketfft_internal', 'numpy.fft._pocketfft', 'numpy.fft.helper', 'numpy.fft', 'numpy.polynomial.polyutils', 'numpy.polynomial._polybase', 'numpy.polynomial.polynomial', 'numpy.polynomial.chebyshev', 'numpy.polynomial.legendre', 'numpy.polynomial.hermite', 'numpy.polynomial.hermite_e', 'numpy.polynomial.laguerre', 'numpy.polynomial', 'cython_runtime', '_cython_0_29_24', 'numpy.random._common', 'hmac', 'secrets', 'numpy.random.bit_generator', 'numpy.random._bounded_integers', 'numpy.random._mt19937', 'numpy.random.mtrand', 'numpy.random._philox', 'numpy.random._pcg64', 'numpy.random._sfc64', 'numpy.random._generator', 'numpy.random._pickle', 'numpy.random', 'numpy.ctypeslib', '_opcode', 'opcode', 'dis', 'inspect', 'numpy.ma.core', 'numpy.ma.extras', 'numpy.ma', 'numpy', 'matplotlib', 'pprint', 'packaging.__about__', 'packaging', 'packaging._structures', 'packaging._typing', 'packaging.version', 'matplotlib._api.deprecation', 'matplotlib._api', 'matplotlib._version', 'shlex', 'matplotlib._c_internal_utils', 'matplotlib.cbook', 'matplotlib.docstring', 'PIL._version', 'PIL', 'defusedxml.common', 'defusedxml', '_elementtree', 'xml.etree.ElementTree', 'defusedxml.ElementTree', 'PIL.ImageMode', 'PIL.TiffTags', 'PIL._binary', 'PIL._util', 'PIL._imaging', 'cffi.lock', 'cffi.error', 'cffi.model', 'cffi.api', 'cffi', 'PIL.Image', 'PIL.ImageChops', 'PIL.ImageFile', 'array', 'PIL.GimpGradientFile', 'PIL.GimpPaletteFile', 'PIL.ImageColor', 'PIL.PaletteFile', 'PIL.ImagePalette', 'PIL.ImageSequence', 'PIL.PngImagePlugin', 'matplotlib._path', 'matplotlib.bezier', 'matplotlib.path', 'matplotlib.transforms', 'matplotlib.ticker', 'matplotlib.scale', 'matplotlib._color_data', 'matplotlib.colors', 'pyparsing', 'matplotlib.fontconfig_pattern', 'matplotlib._enums', 'six.moves', 'cycler', 'matplotlib.rcsetup', 'matplotlib.ft2font', 'dateutil._version', 'dateutil', 'kiwisolver']
DEBUG:matplotlib:CACHEDIR=/home/happihappibill/.cache/matplotlib
DEBUG:matplotlib.font_manager:Using fontManager instance from /home/happihappibill/.cache/matplotlib/fontlist-v330.json
DEBUG:matplotlib.pyplot:Loaded backend tkagg version unknown.
DEBUG:matplotlib.pyplot:Loaded backend TkAgg version unknown.
DEBUG:tensorflow:Falling back to TensorFlow client; we recommended you install the Cloud TPU client directly with pip install cloud-tpu-client.
DEBUG:h5py._conv:Creating converter from 7 to 5
DEBUG:h5py._conv:Creating converter from 5 to 7
DEBUG:h5py._conv:Creating converter from 7 to 5
DEBUG:h5py._conv:Creating converter from 5 to 7
INFO:root:###   Predicates similarities started    ###
WARNING:root:Start similarity predicates protocol between datasets ...
CRITICAL:root:#Started on the file ./inputs/source.ttl-> ...%
WARNING:rdflib.term:<http://data.doremus.org/ontology#U12_has_genre does not look like a valid URI, trying to serialize this will break.
WARNING:rdflib.term:<http://data.doremus.org/ontology#U12_has_genre> does not look like a valid URI, trying to serialize this will break.
WARNING:rdflib.term:<http://erlangen-crm.org/efrbroo/R51_assigned does not look like a valid URI, trying to serialize this will break.
WARNING:rdflib.term:<http://erlangen-crm.org/efrbroo/R51_assigned> does not look like a valid URI, trying to serialize this will break.
WARNING:rdflib.term:<http://erlangen-crm.org/current/P82_at_some_time_within does not look like a valid URI, trying to serialize this will break.
WARNING:rdflib.term:<http://erlangen-crm.org/current/P82_at_some_time_within> does not look like a valid URI, trying to serialize this will break.
WARNING:rdflib.term:<http://erlangen-crm.org/current/P102_has_title does not look like a valid URI, trying to serialize this will break.
WARNING:rdflib.term:<http://erlangen-crm.org/current/P102_has_title> does not look like a valid URI, trying to serialize this will break.
WARNING:rdflib.term:<http://erlangen-crm.org/current/P1_is_identified_by does not look like a valid URI, trying to serialize this will break.
WARNING:rdflib.term:<http://erlangen-crm.org/current/P1_is_identified_by> does not look like a valid URI, trying to serialize this will break.
WARNING:rdflib.term:<http://erlangen-crm.org/efrbroo/R44_carried_out_by does not look like a valid URI, trying to serialize this will break.
WARNING:rdflib.term:<http://erlangen-crm.org/efrbroo/R44_carried_out_by> does not look like a valid URI, trying to serialize this will break.
WARNING:rdflib.term:<http://data.doremus.org/ontology#U11_has_key does not look like a valid URI, trying to serialize this will break.
WARNING:rdflib.term:<http://data.doremus.org/ontology#U11_has_key> does not look like a valid URI, trying to serialize this will break.
WARNING:rdflib.term:<http://erlangen-crm.org/efrbroo/R50_assigned_to does not look like a valid URI, trying to serialize this will break.
WARNING:rdflib.term:<http://erlangen-crm.org/efrbroo/R50_assigned_to> does not look like a valid URI, trying to serialize this will break.
WARNING:rdflib.term:<http://data.doremus.org/ontology#U13_has_casting does not look like a valid URI, trying to serialize this will break.
WARNING:rdflib.term:<http://data.doremus.org/ontology#U13_has_casting> does not look like a valid URI, trying to serialize this will break.
WARNING:rdflib.term:<http://erlangen-crm.org/current/P9_consists_of does not look like a valid URI, trying to serialize this will break.
WARNING:rdflib.term:<http://erlangen-crm.org/current/P9_consists_of> does not look like a valid URI, trying to serialize this will break.
WARNING:rdflib.term:<http://erlangen-crm.org/current/P3_has_note does not look like a valid URI, trying to serialize this will break.
WARNING:rdflib.term:<http://erlangen-crm.org/current/P3_has_note> does not look like a valid URI, trying to serialize this will break.
WARNING:rdflib.term:<http://erlangen-crm.org/current/P4_has_time-span does not look like a valid URI, trying to serialize this will break.
WARNING:rdflib.term:<http://erlangen-crm.org/current/P4_has_time-span> does not look like a valid URI, trying to serialize this will break.
WARNING:rdflib.term:<http://www.w3.org/1999/02/22-rdf-syntax-ns#type does not look like a valid URI, trying to serialize this will break.
WARNING:rdflib.term:<http://www.w3.org/1999/02/22-rdf-syntax-ns#type> does not look like a valid URI, trying to serialize this will break.
WARNING:rdflib.term:<http://erlangen-crm.org/current/P165_incorporates does not look like a valid URI, trying to serialize this will break.
WARNING:rdflib.term:<http://erlangen-crm.org/current/P165_incorporates> does not look like a valid URI, trying to serialize this will break.
WARNING:rdflib.term:<http://erlangen-crm.org/efrbroo/R19_created_a_realisation_of does not look like a valid URI, trying to serialize this will break.
WARNING:rdflib.term:<http://erlangen-crm.org/efrbroo/R19_created_a_realisation_of> does not look like a valid URI, trying to serialize this will break.
WARNING:rdflib.term:<http://erlangen-crm.org/efrbroo/R40_has_representative_expression does not look like a valid URI, trying to serialize this will break.
WARNING:rdflib.term:<http://erlangen-crm.org/efrbroo/R40_has_representative_expression> does not look like a valid URI, trying to serialize this will break.
WARNING:rdflib.term:<http://erlangen-crm.org/efrbroo/R10_has_member does not look like a valid URI, trying to serialize this will break.
WARNING:rdflib.term:<http://erlangen-crm.org/efrbroo/R10_has_member> does not look like a valid URI, trying to serialize this will break.
WARNING:rdflib.term:<http://data.doremus.org/ontology#U10_has_order_number does not look like a valid URI, trying to serialize this will break.
WARNING:rdflib.term:<http://data.doremus.org/ontology#U10_has_order_number> does not look like a valid URI, trying to serialize this will break.
WARNING:rdflib.term:<http://data.doremus.org/ontology#U40_has_catalogue_name does not look like a valid URI, trying to serialize this will break.
WARNING:rdflib.term:<http://data.doremus.org/ontology#U40_has_catalogue_name> does not look like a valid URI, trying to serialize this will break.
WARNING:rdflib.term:<http://data.doremus.org/ontology#U5_had_premiere does not look like a valid URI, trying to serialize this will break.
WARNING:rdflib.term:<http://data.doremus.org/ontology#U5_had_premiere> does not look like a valid URI, trying to serialize this will break.
WARNING:rdflib.term:<http://data.doremus.org/ontology#U42_has_opus_number does not look like a valid URI, trying to serialize this will break.
WARNING:rdflib.term:<http://data.doremus.org/ontology#U42_has_opus_number> does not look like a valid URI, trying to serialize this will break.
WARNING:rdflib.term:<http://erlangen-crm.org/current/P14_carried_out_by does not look like a valid URI, trying to serialize this will break.
WARNING:rdflib.term:<http://erlangen-crm.org/current/P14_carried_out_by> does not look like a valid URI, trying to serialize this will break.
WARNING:rdflib.term:<http://erlangen-crm.org/current/P10_falls_within does not look like a valid URI, trying to serialize this will break.
WARNING:rdflib.term:<http://erlangen-crm.org/current/P10_falls_within> does not look like a valid URI, trying to serialize this will break.
WARNING:rdflib.term:<http://erlangen-crm.org/efrbroo/R3_is_realised_in does not look like a valid URI, trying to serialize this will break.
WARNING:rdflib.term:<http://erlangen-crm.org/efrbroo/R3_is_realised_in> does not look like a valid URI, trying to serialize this will break.
WARNING:rdflib.term:<http://erlangen-crm.org/efrbroo/R9_is_realised_in does not look like a valid URI, trying to serialize this will break.
WARNING:rdflib.term:<http://erlangen-crm.org/efrbroo/R9_is_realised_in> does not look like a valid URI, trying to serialize this will break.
WARNING:rdflib.term:<http://erlangen-crm.org/efrbroo/R25_performed does not look like a valid URI, trying to serialize this will break.
WARNING:rdflib.term:<http://erlangen-crm.org/efrbroo/R25_performed> does not look like a valid URI, trying to serialize this will break.
WARNING:rdflib.term:<http://data.doremus.org/ontology#U4_had_princeps_publication does not look like a valid URI, trying to serialize this will break.
WARNING:rdflib.term:<http://data.doremus.org/ontology#U4_had_princeps_publication> does not look like a valid URI, trying to serialize this will break.
WARNING:rdflib.term:<http://erlangen-crm.org/efrbroo/R17_created does not look like a valid URI, trying to serialize this will break.
WARNING:rdflib.term:<http://erlangen-crm.org/efrbroo/R17_created> does not look like a valid URI, trying to serialize this will break.
WARNING:rdflib.term:<http://data.doremus.org/ontology#U31_had_function_of_type does not look like a valid URI, trying to serialize this will break.
WARNING:rdflib.term:<http://data.doremus.org/ontology#U31_had_function_of_type> does not look like a valid URI, trying to serialize this will break.
WARNING:rdflib.term:<http://data.doremus.org/ontology#U16_has_catalogue_statement does not look like a valid URI, trying to serialize this will break.
WARNING:rdflib.term:<http://data.doremus.org/ontology#U16_has_catalogue_statement> does not look like a valid URI, trying to serialize this will break.
WARNING:rdflib.term:<http://data.doremus.org/ontology#U17_has_opus_statement does not look like a valid URI, trying to serialize this will break.
WARNING:rdflib.term:<http://data.doremus.org/ontology#U17_has_opus_statement> does not look like a valid URI, trying to serialize this will break.
WARNING:rdflib.term:<http://data.doremus.org/ontology#U41_has_catalogue_number does not look like a valid URI, trying to serialize this will break.
WARNING:rdflib.term:<http://data.doremus.org/ontology#U41_has_catalogue_number> does not look like a valid URI, trying to serialize this will break.
WARNING:rdflib.term:<http://erlangen-crm.org/efrbroo/R24_created does not look like a valid URI, trying to serialize this will break.
WARNING:rdflib.term:<http://erlangen-crm.org/efrbroo/R24_created> does not look like a valid URI, trying to serialize this will break.
WARNING:rdflib.term:<http://data.doremus.org/ontology#U43_has_opus_subnumber does not look like a valid URI, trying to serialize this will break.
WARNING:rdflib.term:<http://data.doremus.org/ontology#U43_has_opus_subnumber> does not look like a valid URI, trying to serialize this will break.
CRITICAL:root:#Started on the file ./inputs/target.ttl-> ...%
WARNING:rdflib.term:<http://www.w3.org/1999/02/22-rdf-syntax-ns#type does not look like a valid URI, trying to serialize this will break.
WARNING:rdflib.term:<http://www.w3.org/1999/02/22-rdf-syntax-ns#type> does not look like a valid URI, trying to serialize this will break.
WARNING:rdflib.term:<http://erlangen-crm.org/efrbroo/R40_has_representative_expression does not look like a valid URI, trying to serialize this will break.
WARNING:rdflib.term:<http://erlangen-crm.org/efrbroo/R40_has_representative_expression> does not look like a valid URI, trying to serialize this will break.
WARNING:rdflib.term:<http://erlangen-crm.org/current/P3_has_note does not look like a valid URI, trying to serialize this will break.
WARNING:rdflib.term:<http://erlangen-crm.org/current/P3_has_note> does not look like a valid URI, trying to serialize this will break.
WARNING:rdflib.term:<http://erlangen-crm.org/efrbroo/R10_has_member does not look like a valid URI, trying to serialize this will break.
WARNING:rdflib.term:<http://erlangen-crm.org/efrbroo/R10_has_member> does not look like a valid URI, trying to serialize this will break.
WARNING:rdflib.term:<http://erlangen-crm.org/efrbroo/R51_assigned does not look like a valid URI, trying to serialize this will break.
WARNING:rdflib.term:<http://erlangen-crm.org/efrbroo/R51_assigned> does not look like a valid URI, trying to serialize this will break.
WARNING:rdflib.term:<http://erlangen-crm.org/current/P14_carried_out_by does not look like a valid URI, trying to serialize this will break.
WARNING:rdflib.term:<http://erlangen-crm.org/current/P14_carried_out_by> does not look like a valid URI, trying to serialize this will break.
WARNING:rdflib.term:<http://erlangen-crm.org/current/P102_has_title does not look like a valid URI, trying to serialize this will break.
WARNING:rdflib.term:<http://erlangen-crm.org/current/P102_has_title> does not look like a valid URI, trying to serialize this will break.
WARNING:rdflib.term:<http://data.doremus.org/ontology#U23_has_casting_detail does not look like a valid URI, trying to serialize this will break.
WARNING:rdflib.term:<http://data.doremus.org/ontology#U23_has_casting_detail> does not look like a valid URI, trying to serialize this will break.
WARNING:rdflib.term:<http://erlangen-crm.org/efrbroo/R3_is_realised_in does not look like a valid URI, trying to serialize this will break.
WARNING:rdflib.term:<http://erlangen-crm.org/efrbroo/R3_is_realised_in> does not look like a valid URI, trying to serialize this will break.
WARNING:rdflib.term:<http://data.doremus.org/ontology#U12_has_genre does not look like a valid URI, trying to serialize this will break.
WARNING:rdflib.term:<http://data.doremus.org/ontology#U12_has_genre> does not look like a valid URI, trying to serialize this will break.
WARNING:rdflib.term:<http://data.doremus.org/ontology#U31_had_function_of_type does not look like a valid URI, trying to serialize this will break.
WARNING:rdflib.term:<http://data.doremus.org/ontology#U31_had_function_of_type> does not look like a valid URI, trying to serialize this will break.
WARNING:rdflib.term:<http://erlangen-crm.org/efrbroo/R25_performed does not look like a valid URI, trying to serialize this will break.
WARNING:rdflib.term:<http://erlangen-crm.org/efrbroo/R25_performed> does not look like a valid URI, trying to serialize this will break.
WARNING:rdflib.term:<http://data.doremus.org/ontology#U5_had_premiere does not look like a valid URI, trying to serialize this will break.
WARNING:rdflib.term:<http://data.doremus.org/ontology#U5_had_premiere> does not look like a valid URI, trying to serialize this will break.
WARNING:rdflib.term:<http://erlangen-crm.org/efrbroo/R17_created does not look like a valid URI, trying to serialize this will break.
WARNING:rdflib.term:<http://erlangen-crm.org/efrbroo/R17_created> does not look like a valid URI, trying to serialize this will break.
WARNING:rdflib.term:<http://erlangen-crm.org/current/P81_ongoing_throughout does not look like a valid URI, trying to serialize this will break.
WARNING:rdflib.term:<http://erlangen-crm.org/current/P81_ongoing_throughout> does not look like a valid URI, trying to serialize this will break.
WARNING:rdflib.term:<http://erlangen-crm.org/efrbroo/R24_created does not look like a valid URI, trying to serialize this will break.
WARNING:rdflib.term:<http://erlangen-crm.org/efrbroo/R24_created> does not look like a valid URI, trying to serialize this will break.
WARNING:rdflib.term:<http://data.doremus.org/ontology#U17_has_opus_statement does not look like a valid URI, trying to serialize this will break.
WARNING:rdflib.term:<http://data.doremus.org/ontology#U17_has_opus_statement> does not look like a valid URI, trying to serialize this will break.
WARNING:rdflib.term:<http://erlangen-crm.org/current/P9_consists_of does not look like a valid URI, trying to serialize this will break.
WARNING:rdflib.term:<http://erlangen-crm.org/current/P9_consists_of> does not look like a valid URI, trying to serialize this will break.
WARNING:rdflib.term:<http://data.doremus.org/ontology#U16_has_catalogue_statement does not look like a valid URI, trying to serialize this will break.
WARNING:rdflib.term:<http://data.doremus.org/ontology#U16_has_catalogue_statement> does not look like a valid URI, trying to serialize this will break.
WARNING:rdflib.term:<http://erlangen-crm.org/current/P165_incorporates does not look like a valid URI, trying to serialize this will break.
WARNING:rdflib.term:<http://erlangen-crm.org/current/P165_incorporates> does not look like a valid URI, trying to serialize this will break.
WARNING:rdflib.term:<http://erlangen-crm.org/current/P4_has_time-span does not look like a valid URI, trying to serialize this will break.
WARNING:rdflib.term:<http://erlangen-crm.org/current/P4_has_time-span> does not look like a valid URI, trying to serialize this will break.
WARNING:rdflib.term:<http://erlangen-crm.org/efrbroo/R50_assigned_to does not look like a valid URI, trying to serialize this will break.
WARNING:rdflib.term:<http://erlangen-crm.org/efrbroo/R50_assigned_to> does not look like a valid URI, trying to serialize this will break.
WARNING:rdflib.term:<http://erlangen-crm.org/efrbroo/R19_created_a_realisation_of does not look like a valid URI, trying to serialize this will break.
WARNING:rdflib.term:<http://erlangen-crm.org/efrbroo/R19_created_a_realisation_of> does not look like a valid URI, trying to serialize this will break.
WARNING:rdflib.term:<http://erlangen-crm.org/efrbroo/R44_carried_out_by does not look like a valid URI, trying to serialize this will break.
WARNING:rdflib.term:<http://erlangen-crm.org/efrbroo/R44_carried_out_by> does not look like a valid URI, trying to serialize this will break.
WARNING:rdflib.term:<http://data.doremus.org/ontology#U13_has_casting does not look like a valid URI, trying to serialize this will break.
WARNING:rdflib.term:<http://data.doremus.org/ontology#U13_has_casting> does not look like a valid URI, trying to serialize this will break.
WARNING:rdflib.term:<http://data.doremus.org/ontology#U42_has_opus_number does not look like a valid URI, trying to serialize this will break.
WARNING:rdflib.term:<http://data.doremus.org/ontology#U42_has_opus_number> does not look like a valid URI, trying to serialize this will break.
WARNING:rdflib.term:<http://erlangen-crm.org/efrbroo/R9_is_realised_in does not look like a valid URI, trying to serialize this will break.
WARNING:rdflib.term:<http://erlangen-crm.org/efrbroo/R9_is_realised_in> does not look like a valid URI, trying to serialize this will break.
WARNING:rdflib.term:<http://erlangen-crm.org/current/P82_at_some_time_within does not look like a valid URI, trying to serialize this will break.
WARNING:rdflib.term:<http://erlangen-crm.org/current/P82_at_some_time_within> does not look like a valid URI, trying to serialize this will break.
WARNING:rdflib.term:<http://data.doremus.org/ontology#U41_has_catalogue_number does not look like a valid URI, trying to serialize this will break.
WARNING:rdflib.term:<http://data.doremus.org/ontology#U41_has_catalogue_number> does not look like a valid URI, trying to serialize this will break.
WARNING:rdflib.term:<http://data.doremus.org/ontology#U2_foresees_use_of_medium_of_performance_of_type does not look like a valid URI, trying to serialize this will break.
WARNING:rdflib.term:<http://data.doremus.org/ontology#U2_foresees_use_of_medium_of_performance_of_type> does not look like a valid URI, trying to serialize this will break.
WARNING:rdflib.term:<http://data.doremus.org/ontology#U4_had_princeps_publication does not look like a valid URI, trying to serialize this will break.
WARNING:rdflib.term:<http://data.doremus.org/ontology#U4_had_princeps_publication> does not look like a valid URI, trying to serialize this will break.
WARNING:rdflib.term:<http://data.doremus.org/ontology#U40_has_catalogue_name does not look like a valid URI, trying to serialize this will break.
WARNING:rdflib.term:<http://data.doremus.org/ontology#U40_has_catalogue_name> does not look like a valid URI, trying to serialize this will break.
WARNING:rdflib.term:<http://erlangen-crm.org/current/P1_is_identified_by does not look like a valid URI, trying to serialize this will break.
WARNING:rdflib.term:<http://erlangen-crm.org/current/P1_is_identified_by> does not look like a valid URI, trying to serialize this will break.
WARNING:rdflib.term:<http://data.doremus.org/ontology#U11_has_key does not look like a valid URI, trying to serialize this will break.
WARNING:rdflib.term:<http://data.doremus.org/ontology#U11_has_key> does not look like a valid URI, trying to serialize this will break.
WARNING:rdflib.term:<http://data.doremus.org/ontology#U44_has_dedication_statement does not look like a valid URI, trying to serialize this will break.
WARNING:rdflib.term:<http://data.doremus.org/ontology#U44_has_dedication_statement> does not look like a valid URI, trying to serialize this will break.
WARNING:rdflib.term:<http://data.doremus.org/ontology#U10_has_order_number does not look like a valid URI, trying to serialize this will break.
WARNING:rdflib.term:<http://data.doremus.org/ontology#U10_has_order_number> does not look like a valid URI, trying to serialize this will break.
WARNING:rdflib.term:<http://erlangen-crm.org/current/P67_refers_to does not look like a valid URI, trying to serialize this will break.
WARNING:rdflib.term:<http://erlangen-crm.org/current/P67_refers_to> does not look like a valid URI, trying to serialize this will break.
WARNING:rdflib.term:<http://data.doremus.org/ontology#U43_has_opus_subnumber does not look like a valid URI, trying to serialize this will break.
WARNING:rdflib.term:<http://data.doremus.org/ontology#U43_has_opus_subnumber> does not look like a valid URI, trying to serialize this will break.
INFO:root:Compute similars predicates
INFO:root:P82_at_some_time_within => P82_at_some_time_within#= 1.0
INFO:root:P102_has_title => P102_has_title#= 1.0
INFO:root:P1_is_identified_by => P1_is_identified_by#= 1.0
INFO:root:P3_has_note => P3_has_note#= 1.0
INFO:root:U10_has_order_number => U10_has_order_number#= 1.0
INFO:root:U40_has_catalogue_name => U40_has_catalogue_name#= 1.0
INFO:root:U42_has_opus_number => U42_has_opus_number#= 1.0
INFO:root:U31_had_function_of_type => U31_had_function_of_type#= 1.0
INFO:root:U41_has_catalogue_number => U41_has_catalogue_number#= 1.0
INFO:root:U43_has_opus_subnumber => U43_has_opus_subnumber#= 1.0
DEBUG:matplotlib:matplotlib data path: /home/happihappibill/.local/lib/python3.8/site-packages/matplotlib/mpl-data
DEBUG:matplotlib:CONFIGDIR=/home/happihappibill/.config/matplotlib
DEBUG:matplotlib:interactive is False
DEBUG:matplotlib:platform is linux
DEBUG:matplotlib:loaded modules: ['sys', 'builtins', '_frozen_importlib', '_imp', '_warnings', '_io', 'marshal', 'posix', '_frozen_importlib_external', '_thread', '_weakref', 'time', 'zipimport', '_codecs', 'codecs', 'encodings.aliases', 'encodings', 'encodings.utf_8', '_signal', '__main__', 'encodings.latin_1', '_abc', 'abc', 'io', '_stat', 'stat', '_collections_abc', 'genericpath', 'posixpath', 'os.path', 'os', '_sitebuiltins', '_locale', '_bootlocale', 'types', 'importlib._bootstrap', 'importlib._bootstrap_external', 'warnings', 'importlib', 'importlib.machinery', 'importlib.abc', '_operator', 'operator', 'keyword', '_heapq', 'heapq', 'itertools', 'reprlib', '_collections', 'collections', '_functools', 'functools', 'contextlib', 'importlib.util', 'google', 'mpl_toolkits', '_distutils_hack', 'site', 'enum', '_sre', 'sre_constants', 'sre_parse', 'sre_compile', 'copyreg', 're', 'token', 'tokenize', 'linecache', 'traceback', '_weakrefset', 'weakref', 'collections.abc', '_string', 'string', 'threading', 'atexit', 'logging', 'log', 'math', '_datetime', 'datetime', 'numbers', '_decimal', 'decimal', 'fractions', 'xml', 'xml.dom.domreg', 'xml.dom', 'xml.dom.minicompat', 'copy', 'xml.dom.NodeFilter', 'xml.dom.xmlbuilder', 'xml.dom.minidom', 'isodate.duration', 'isodate.isoerror', 'isodate.tzinfo', 'isodate.isotzinfo', 'isodate.isostrf', 'isodate.isodates', 'isodate.isotime', 'isodate.isodatetime', '__future__', '_struct', 'struct', 'six', 'isodate.isoduration', 'isodate', 'binascii', 'base64', 'typing.io', 'typing.re', 'typing', 'xml.etree', 'xml.etree.ElementPath', 'pyexpat.errors', 'pyexpat.model', 'pyexpat', 'rdflib.compat', 'urllib', 'urllib.parse', 'platform', 'errno', 'signal', '_posixsubprocess', 'select', 'selectors', 'subprocess', 'uuid', 'rdflib.term', '_bisect', 'bisect', '_sha512', '_random', 'random', 'unicodedata', 'fnmatch', 'ntpath', 'pathlib', 'rdflib.namespace._BRICK', 'rdflib.namespace._CSVW', 'rdflib.namespace._DC', 'rdflib.namespace._DCAT', 'rdflib.namespace._DCMITYPE', 'rdflib.namespace._DCTERMS', 'rdflib.namespace._DCAM', 'rdflib.namespace._DOAP', 'rdflib.namespace._FOAF', 'rdflib.namespace._ODRL2', 'rdflib.namespace._ORG', 'rdflib.namespace._OWL', 'rdflib.namespace._PROF', 'rdflib.namespace._PROV', 'rdflib.namespace._QB', 'rdflib.namespace._RDF', 'rdflib.namespace._RDFS', 'rdflib.namespace._SDO', 'rdflib.namespace._SH', 'rdflib.namespace._SKOS', 'rdflib.namespace._SOSA', 'rdflib.namespace._SSN', 'rdflib.namespace._TIME', 'rdflib.namespace._VANN', 'rdflib.namespace._VOID', 'rdflib.namespace._XSD', 'rdflib.namespace', '_compat_pickle', '_pickle', 'pickle', 'rdflib.events', 'rdflib.store', 'email', '_hashlib', '_blake2', '_sha3', 'hashlib', 'http', 'email.errors', 'email.quoprimime', 'email.base64mime', 'quopri', 'email.encoders', 'email.charset', 'email.header', '_socket', 'socket', 'locale', 'calendar', 'email._parseaddr', 'email.utils', 'email._policybase', 'email.feedparser', 'email.parser', 'uu', 'email._encoded_words', 'email.iterators', 'email.message', '_ssl', 'ssl', 'http.client', 'zlib', '_compression', '_bz2', 'bz2', '_lzma', 'lzma', 'pwd', 'grp', 'shutil', 'tempfile', 'urllib.response', 'urllib.error', 'urllib.request', 'xml.sax.handler', 'xml.sax._exceptions', 'xml.sax.xmlreader', 'xml.sax', 'rdflib.parser', 'rdflib.serializer', 'rdflib.query', 'rdflib.exceptions', '_csv', 'csv', 'zipfile', 'configparser', 'importlib.metadata', 'rdflib.plugin', 'rdflib.paths', 'rdflib.resource', 'rdflib.collection', 'rdflib.util', 'rdflib.graph', 'rdflib.container', 'rdflib', 'compute_files', 'validators.extremes', '_opcode', 'opcode', 'dis', 'inspect', 'decorator', 'validators.utils', 'validators.between', 'validators.btc_address', 'validators.card', 'validators.domain', 'validators.email', 'validators.hashes', 'validators.i18n.fi', 'validators.i18n', 'validators.iban', 'validators.ip_address', 'validators.length', 'validators.mac_address', 'validators.slug', 'validators.truthy', 'validators.url', 'validators.uuid', 'validators', 'string_utils', 'numpy._globals', 'numpy.__config__', '_json', 'json.scanner', 'json.decoder', 'json.encoder', 'json', 'numpy._version', 'numpy._distributor_init', 'numpy.version', 'textwrap', 'numpy.core._multiarray_umath', 'numpy.compat._inspect', 'numpy.compat.py3k', 'numpy.compat', 'numpy.core.overrides', 'numpy.core.multiarray', 'numpy.core.umath', 'numpy.core._string_helpers', 'numpy.core._dtype', 'numpy.core._type_aliases', 'numpy.core.numerictypes', 'numpy.core._exceptions', 'numpy.core._methods', 'numpy.core.fromnumeric', 'numpy.core.shape_base', 'numpy.core._ufunc_config', 'numpy.core.arrayprint', 'numpy.core._asarray', 'numpy.core.numeric', 'numpy.core.defchararray', 'numpy.core.records', 'numpy.core.memmap', 'numpy.core.function_base', 'numpy.core.machar', 'numpy.core.getlimits', 'numpy.core.einsumfunc', 'numpy.core._multiarray_tests', 'numpy.core._add_newdocs', 'numpy.core._add_newdocs_scalars', 'numpy.core._dtype_ctypes', '_ast', 'ast', '_ctypes', 'ctypes._endian', 'ctypes', 'numpy.core._internal', 'numpy._pytesttester', 'numpy.core', 'numpy.lib.mixins', 'numpy.lib.ufunclike', 'numpy.lib.type_check', 'numpy.lib.scimath', 'numpy.lib.stride_tricks', 'numpy.lib.twodim_base', 'numpy.linalg.lapack_lite', 'numpy.linalg._umath_linalg', 'numpy.linalg.linalg', 'numpy.linalg', 'numpy.matrixlib.defmatrix', 'numpy.matrixlib', 'numpy.lib.histograms', 'numpy.lib.function_base', 'numpy.lib.index_tricks', 'numpy.lib.nanfunctions', 'numpy.lib.shape_base', 'numpy.lib.polynomial', 'numpy.lib.utils', 'numpy.lib.arraysetops', 'numpy.lib.format', 'numpy.lib._datasource', 'numpy.lib._iotools', 'numpy.lib.npyio', 'numpy.lib.arrayterator', 'numpy.lib.arraypad', 'numpy.lib._version', 'numpy.lib', 'numpy.fft._pocketfft_internal', 'numpy.fft._pocketfft', 'numpy.fft.helper', 'numpy.fft', 'numpy.polynomial.polyutils', 'numpy.polynomial._polybase', 'numpy.polynomial.polynomial', 'numpy.polynomial.chebyshev', 'numpy.polynomial.legendre', 'numpy.polynomial.hermite', 'numpy.polynomial.hermite_e', 'numpy.polynomial.laguerre', 'numpy.polynomial', 'cython_runtime', '_cython_0_29_24', 'numpy.random._common', 'hmac', 'secrets', 'numpy.random.bit_generator', 'numpy.random._bounded_integers', 'numpy.random._mt19937', 'numpy.random.mtrand', 'numpy.random._philox', 'numpy.random._pcg64', 'numpy.random._sfc64', 'numpy.random._generator', 'numpy.random._pickle', 'numpy.random', 'numpy.ctypeslib', 'numpy.ma.core', 'numpy.ma.extras', 'numpy.ma', 'numpy', 'deep_similarity', 'pprint', 'pyparsing', 'dump', 'xlwt.compat', 'xlwt.UnicodeUtils', 'xlwt.BIFFRecords', 'xlwt.Formatting', 'xlwt.Style', 'xlwt.Workbook', 'xlwt.Bitmap', 'xlwt.Cell', 'xlwt.antlr', 'xlwt.ExcelMagic', 'xlwt.Utils', 'xlwt.ExcelFormulaParser', 'xlwt.ExcelFormulaLexer', 'xlwt.ExcelFormula', 'xlwt.Row', 'xlwt.Column', 'xlwt.Worksheet', 'xlwt', 'matplotlib', 'packaging.__about__', 'packaging', 'packaging._structures', 'packaging._typing', 'packaging.version', 'matplotlib._api.deprecation', 'matplotlib._api', 'matplotlib._version', 'gzip', 'shlex', 'matplotlib._c_internal_utils', 'matplotlib.cbook', 'matplotlib.docstring', 'PIL._version', 'PIL', 'xml.parsers', 'xml.parsers.expat.model', 'xml.parsers.expat.errors', 'xml.parsers.expat', 'defusedxml.common', 'defusedxml', '_elementtree', 'xml.etree.ElementTree', 'defusedxml.ElementTree', 'PIL.ImageMode', 'PIL.TiffTags', 'PIL._binary', 'PIL._util', 'PIL._imaging', 'cffi.lock', 'cffi.error', 'cffi.model', 'cffi.api', 'cffi', 'PIL.Image', 'PIL.ImageChops', 'PIL.ImageFile', 'array', 'PIL.GimpGradientFile', 'PIL.GimpPaletteFile', 'PIL.ImageColor', 'PIL.PaletteFile', 'PIL.ImagePalette', 'PIL.ImageSequence', 'PIL.PngImagePlugin', 'matplotlib._path', 'matplotlib.bezier', 'matplotlib.path', 'matplotlib.transforms', 'matplotlib.ticker', 'matplotlib.scale', 'matplotlib._color_data', 'matplotlib.colors', 'matplotlib.fontconfig_pattern', 'matplotlib._enums', 'six.moves', 'cycler', 'matplotlib.rcsetup', 'matplotlib.ft2font', 'dateutil._version', 'dateutil', 'kiwisolver']
DEBUG:matplotlib:CACHEDIR=/home/happihappibill/.cache/matplotlib
DEBUG:matplotlib.font_manager:Using fontManager instance from /home/happihappibill/.cache/matplotlib/fontlist-v330.json
DEBUG:matplotlib.pyplot:Loaded backend tkagg version unknown.
DEBUG:matplotlib.pyplot:Loaded backend TkAgg version unknown.
INFO:root:Candidates Entities Pairs started 
INFO:root:###   Predicates similarities started    ###
